16:01:46 [信息] CrashBox 日志系统初始化完成
16:01:46 [信息] CrashBox 启动中...
16:01:47 [信息] 窗口创建完成: 1280x720
16:01:47 [信息] 已加载预设赛道
16:01:47 [信息] 车辆初始化完成
16:01:47 [信息] 进入主循环
16:08:52 [信息] 车辆已重置
16:09:30 [信息] 车辆已重置
16:10:11 [信息] 切换到随机地形
16:10:18 [信息] 切换到预设赛道
16:10:19 [信息] 切换到随机地形
16:10:20 [信息] 切换到预设赛道
16:10:21 [信息] 切换到随机地形
16:10:22 [信息] 切换到预设赛道
16:10:22 [信息] 切换到随机地形
16:13:03 [信息] 车辆已重置
16:13:21 [信息] 车辆已重置
16:13:27 [信息] 车辆已重置
16:14:25 [信息] 车辆已重置
16:16:56 [信息] 车辆已重置
16:17:14 [信息] 车辆已重置
16:17:36 [信息] 切换到预设赛道
16:18:20 [信息] 车辆已重置
16:18:51 [信息] 车辆已重置
16:19:08 [信息] 车辆已重置
16:19:21 [信息] 车辆已重置
16:19:36 [信息] 车辆已重置
